<?xml version="1.0" encoding="UTF-8"?>
<!-- Generated by org.testng.reporters.JUnitReportReporter -->
<testsuite hostname="asma-PC" name="com.lazerycode.selenium.maven_template.AppTest" tests="1" failures="0" timestamp="22 Feb 2016 23:59:53 GMT" time="0.002" errors="0">
  <testcase name="testApp" time="0.002" classname="com.lazerycode.selenium.maven_template.AppTest"/>
</testsuite> <!-- com.lazerycode.selenium.maven_template.AppTest -->
